<?xml version="1.0" encoding="UTF-8"?>
<!-- Generated by org.testng.reporters.JUnitReportReporter -->
<testsuite skipped="0" hostname="Laptop-PC" name="script.TestDemo" tests="1" failures="0" timestamp="28 Sep 2018 10:05:36 GMT" time="17.899" errors="0">
  <testcase name="testA" time="17.899" classname="script.TestDemo"/>
</testsuite> <!-- script.TestDemo -->
