<?xml version="1.0" encoding="UTF-8"?>
<!-- Generated by org.testng.reporters.JUnitReportReporter -->
<testsuite skipped="0" hostname="Laptop-PC" name="script.TestDemo2" tests="1" failures="0" timestamp="28 Sep 2018 08:23:30 GMT" time="9.640" errors="0">
  <testcase name="testB" time="9.640" classname="script.TestDemo2"/>
</testsuite> <!-- script.TestDemo2 -->
